------------------
	    2	_D3app5buildFAyaZASQr7Element
_D3app11getArgumentFNaNiAyaiaaZQh	2	2	2
------------------
_D3app19_staticCtor_L293_C1FZv	0	1389	865
	   24	_D3app6expandFAyaZQe
------------------
	    2	_Dmain
_D3app5Regex5matchMFAyaZAQf	2	11106	9
	    2	_D3app6mmatchFNaASQq7ElementhAyaZAQf
------------------
	    2	_Dmain
_D3app5Regex6__ctorMFAyahZCQzQx	2	968	3
	    2	_D3app5buildFAyaZASQr7Element
------------------
	    2	_D3app5Regex6__ctorMFAyahZCQzQx
_D3app5buildFAyaZASQr7Element	2	965	455
	    6	_D4core8internal5array8equality__T8__equalsTaTaZQoFNaNbNiNeMxAaMxQeZb
	    2	_D4core8internal7switch___T8__switchTyaVxAyaa2_5c44VxQma2_5c48VxQxa2_5c53VxQBia2_5c56VxQBua2_5c57ZQCtFNaNbNiNfMxQCtZi
	    2	_D3app6expandFAyaZQe
	    9	_D4core8internal5array9appending__T17_d_arrayappendcTXHTAS3app7ElementTQoZQBnFNaNbNcNeMNkKQBimZQBn
	    2	_D3app11getArgumentFNaNiAyaiaaZQh
	    2	_D3std5array__TQjTSQr9algorithm9iteration__T8splitterVAyaa6_61203d3d2062VEQCu8typecons__T4FlagVQBpa14_6b656570536570617261746f7273ZQBqi0TQDfTQDjZQDxFQDrQDuZ6ResultZQGcFNaNbNfQGaZAQEv
	    4	_D3std4conv__T6toImplTkTAyaZQoFNaNfQlZk
	    1	_D3std5array__T8AppenderTAyaZQo6__ctorMFNaNbNcNeQxZSQByQBx__TQBuTQBoZQCc
	    1	_D3std6format5write__T11formatValueTSQBj5array__T8AppenderTAyaZQoTaTaZQBwFNaNfKQBrKaMKxSQDiQDh4spec__T10FormatSpecTaZQpZv
------------------
	   24	_D3app19_staticCtor_L293_C1FZv
	    2	_D3app5buildFAyaZASQr7Element
_D3app6expandFAyaZQe	26	531	455
	   32	_D4core8internal5array9appending__T17_d_arrayappendcTXHTAyaTyaZQBcFNaNbNcNeMNkKQxmZQBb
------------------
	    2	_D3app5Regex5matchMFAyaZAQf
_D3app6mmatchFNaASQq7ElementhAyaZAQf	2	11097	5638
	    2	_D4core8internal5array9appending__T17_d_arrayappendcTXHTAAyaTQeZQBdFNaNbNcNeMNkKQymZQBc
	   20	_D3app7Element9fulfilledMFNaNiASQBeQBdkhAyaKkZb
	    6	_D4core8internal5array9appending__T15_d_arrayappendTHTAyaTyaZQBaFNaNbNcNeMNkKQxMQBaZQBe
	    3	_D4core8internal6string__T20unsignedToTempStringVki10Vbi0TaZQBiFNaNbNiNfmNkMAaZQd
------------------
	   20	_D3app6mmatchFNaASQq7ElementhAyaZAQf
_D3app7Element9fulfilledMFNaNiASQBeQBdkhAyaKkZb	20	5432	5430
	    2	_D4core8internal6string__T20unsignedToTempStringVki10Vbi0TaZQBiFNaNbNiNfmNkMAaZQd
------------------
	    4	_D3std4conv__T6toImplTkTAyaZQoFNaNfQlZk
_D3std4conv__T5parseTkTAyaVEQBa8typecons__T4FlagVQBaa7_646f436f756e74ZQBbi0ZQCkFNaNfMKQClZk	4	6	6
------------------
	    4	_D3app5buildFAyaZASQr7Element
_D3std4conv__T6toImplTkTAyaZQoFNaNfQlZk	4	13	7
	    4	_D3std4conv__T5parseTkTAyaVEQBa8typecons__T4FlagVQBaa7_646f436f756e74ZQBbi0ZQCkFNaNfMKQClZk
------------------
	    2	_D3std5array__T8AppenderTAAyaZQp13ensureAddableMFNaNbNfmZv
_D3std5array__T19appenderNewCapacityVmi16ZQBbFNaNbNiNfmmZm	2	1	1
------------------
	    1	_D3std5array__T8AppenderTAyaZQo13ensureAddableMFNaNbNfmZv
_D3std5array__T19appenderNewCapacityVmi1ZQBaFNaNbNiNfmmZm	1	0	0
------------------
	    2	_D3std5array__T8AppenderTAAyaZQp__T3putTQoZQiMFNaNbNfQBbZv
_D3std5array__T8AppenderTAAyaZQp13ensureAddableMFNaNbNfmZv	2	7	6
	    2	_D3std5array__T19appenderNewCapacityVmi16ZQBbFNaNbNiNfmmZm
------------------
	    2	_D3std5array__TQjTSQr9algorithm9iteration__T8splitterVAyaa6_61203d3d2062VEQCu8typecons__T4FlagVQBpa14_6b656570536570617261746f7273ZQBqi0TQDfTQDjZQDxFQDrQDuZ6ResultZQGcFNaNbNfQGaZAQEv
_D3std5array__T8AppenderTAAyaZQp6__ctorMFNaNbNcNeQyZSQBzQBy__TQBvTQBpZQCd	2	97	14
	    2	_D4core8lifetime__T11_d_newitemTTS3std5array__T8AppenderTAAyaZQp4DataZQBzFNaNbNeZPQBx
------------------
	    2	_D3std5array__TQjTSQr9algorithm9iteration__T8splitterVAyaa6_61203d3d2062VEQCu8typecons__T4FlagVQBpa14_6b656570536570617261746f7273ZQBqi0TQDfTQDjZQDxFQDrQDuZ6ResultZQGcFNaNbNfQGaZAQEv
_D3std5array__T8AppenderTAAyaZQp__T3putTQoZQiMFNaNbNfQBbZv	2	20	6
	    2	_D3std5array__T8AppenderTAAyaZQp13ensureAddableMFNaNbNfmZv
	    2	_D3std5array__T8AppenderTAAyaZQp__T3putTQoZQiMFQvZ9__lambda3MFNaNbNiNeZQBu
	    2	_D4core8internal8lifetime__T10emplaceRefTAyaTQeTQhZQxFNaNbNiNfKQwKQzZv
------------------
	    2	_D3std5array__T8AppenderTAAyaZQp__T3putTQoZQiMFNaNbNfQBbZv
_D3std5array__T8AppenderTAAyaZQp__T3putTQoZQiMFQvZ9__lambda3MFNaNbNiNeZQBu	2	2	2
------------------
	    3	_D3std5array__T8AppenderTAyaZQo__T3putTQoZQiMFQvZ10bigDataFunMFNaNbNfmZAa
	    1	_D3std5array__T8AppenderTAyaZQo__T3putTAaZQiMFQhZ10bigDataFunMFNaNbNfmZQBg
_D3std5array__T8AppenderTAyaZQo13ensureAddableMFNaNbNfmZv	4	5	5
	    1	_D3std5array__T19appenderNewCapacityVmi1ZQBaFNaNbNiNfmmZm
------------------
	    1	_D3app5buildFAyaZASQr7Element
_D3std5array__T8AppenderTAyaZQo6__ctorMFNaNbNcNeQxZSQByQBx__TQBuTQBoZQCc	1	2	1
	    1	_D4core8lifetime__T11_d_newitemTTS3std5array__T8AppenderTAyaZQo4DataZQByFNaNbNeZPQBw
------------------
	    1	_D3std6format8internal5write__T12writeAlignedTSQBt5array__T8AppenderTAyaZQoTQhTQkTQnTAaTaZQChFNaNfKQCbQBhQBkQBnQBaMKxSQEmQEl4spec__T10FormatSpecTaZQpEQFsQFrQFnQFh13PrecisionTypeZv
_D3std5array__T8AppenderTAyaZQo__T3putTAaZQiMFNaNbNfQnZv	1	6	2
	    1	_D3std5array__T8AppenderTAyaZQo__T3putTAaZQiMFQhZ10bigDataFunMFNaNbNfmZQBg
------------------
	    1	_D3std5array__T8AppenderTAyaZQo__T3putTAaZQiMFNaNbNfQnZv
_D3std5array__T8AppenderTAyaZQo__T3putTAaZQiMFQhZ10bigDataFunMFNaNbNfmZQBg	1	4	1
	    1	_D3std5array__T8AppenderTAyaZQo13ensureAddableMFNaNbNfmZv
	    1	_D3std5array__T8AppenderTAyaZQo__T3putTAaZQiMFQhZ10bigDataFunMFmZ9__lambda2MFNaNbNiNeZQBv
------------------
	    1	_D3std5array__T8AppenderTAyaZQo__T3putTAaZQiMFQhZ10bigDataFunMFNaNbNfmZQBg
_D3std5array__T8AppenderTAyaZQo__T3putTAaZQiMFQhZ10bigDataFunMFmZ9__lambda2MFNaNbNiNeZQBv	1	0	0
------------------
	    3	_D3std6format8internal5write__T12writeAlignedTSQBt5array__T8AppenderTAyaZQoTQhTQkTQnTAaTaZQChFNaNfKQCbQBhQBkQBnQBaMKxSQEmQEl4spec__T10FormatSpecTaZQpEQFsQFrQFnQFh13PrecisionTypeZv
_D3std5array__T8AppenderTAyaZQo__T3putTQoZQiMFNaNbNfQBbZv	3	11	3
	    3	_D3std5array__T8AppenderTAyaZQo__T3putTQoZQiMFQvZ10bigDataFunMFNaNbNfmZAa
------------------
	    3	_D3std5array__T8AppenderTAyaZQo__T3putTQoZQiMFNaNbNfQBbZv
_D3std5array__T8AppenderTAyaZQo__T3putTQoZQiMFQvZ10bigDataFunMFNaNbNfmZAa	3	8	5
	    3	_D3std5array__T8AppenderTAyaZQo13ensureAddableMFNaNbNfmZv
	    3	_D3std5array__T8AppenderTAyaZQo__T3putTQoZQiMFQvZ10bigDataFunMFmZ9__lambda2MFNaNbNiNeZAa
------------------
	    3	_D3std5array__T8AppenderTAyaZQo__T3putTQoZQiMFQvZ10bigDataFunMFNaNbNfmZAa
_D3std5array__T8AppenderTAyaZQo__T3putTQoZQiMFQvZ10bigDataFunMFmZ9__lambda2MFNaNbNiNeZAa	3	1	1
------------------
	    2	_D3app5buildFAyaZASQr7Element
_D3std5array__TQjTSQr9algorithm9iteration__T8splitterVAyaa6_61203d3d2062VEQCu8typecons__T4FlagVQBpa14_6b656570536570617261746f7273ZQBqi0TQDfTQDjZQDxFQDrQDuZ6ResultZQGcFNaNbNfQGaZAQEv	2	219	90
	    2	_D3std5array__T8AppenderTAAyaZQp6__ctorMFNaNbNcNeQyZSQBzQBy__TQBvTQBpZQCd
	    2	_D3std9algorithm9iteration__T8splitterVAyaa6_61203d3d2062VEQCf8typecons__T4FlagVQBpa14_6b656570536570617261746f7273ZQBqi0TQDfTQDjZQDxFQDrQDuZ6Result17ensureFrontLengthMFNaNbNiNfZv
	    2	_D3std5array__T8AppenderTAAyaZQp__T3putTQoZQiMFNaNbNfQBbZv
	    2	_D3std9algorithm9iteration__T8splitterVAyaa6_61203d3d2062VEQCf8typecons__T4FlagVQBpa14_6b656570536570617261746f7273ZQBqi0TQDfTQDjZQDxFQDrQDuZ6Result8popFrontMFNaNbNiNfZv
------------------
	    1	_D3app5buildFAyaZASQr7Element
_D3std6format5write__T11formatValueTSQBj5array__T8AppenderTAyaZQoTaTaZQBwFNaNfKQBrKaMKxSQDiQDh4spec__T10FormatSpecTaZQpZv	1	204	91
	    1	_D3std9exception__T7enforceHTCQBc6format15FormatExceptionZ__TQBqTbZQBwFNaNfbLAxaAyamZb
	    1	_D3std6format8internal5write__T12writeAlignedTSQBt5array__T8AppenderTAyaZQoTQhTQkTQnTAaTaZQChFNaNfKQCbQBhQBkQBnQBaMKxSQEmQEl4spec__T10FormatSpecTaZQpEQFsQFrQFnQFh13PrecisionTypeZv
------------------
	    1	_D3std6format5write__T11formatValueTSQBj5array__T8AppenderTAyaZQoTaTaZQBwFNaNfKQBrKaMKxSQDiQDh4spec__T10FormatSpecTaZQpZv
_D3std6format8internal5write__T12writeAlignedTSQBt5array__T8AppenderTAyaZQoTQhTQkTQnTAaTaZQChFNaNfKQCbQBhQBkQBnQBaMKxSQEmQEl4spec__T10FormatSpecTaZQpEQFsQFrQFnQFh13PrecisionTypeZv	1	112	94
	    1	_D4core8internal5array8equality__T8__equalsTaTaZQoFNaNbNiNeMxAaMxQeZb
	    3	_D3std5array__T8AppenderTAyaZQo__T3putTQoZQiMFNaNbNfQBbZv
	    1	_D3std5array__T8AppenderTAyaZQo__T3putTAaZQiMFNaNbNfQnZv
------------------
	    2	_D3std5array__TQjTSQr9algorithm9iteration__T8splitterVAyaa6_61203d3d2062VEQCu8typecons__T4FlagVQBpa14_6b656570536570617261746f7273ZQBqi0TQDfTQDjZQDxFQDrQDuZ6ResultZQGcFNaNbNfQGaZAQEv
	    2	_D3std9algorithm9iteration__T8splitterVAyaa6_61203d3d2062VEQCf8typecons__T4FlagVQBpa14_6b656570536570617261746f7273ZQBqi0TQDfTQDjZQDxFQDrQDuZ6Result8popFrontMFNaNbNiNfZv
_D3std9algorithm9iteration__T8splitterVAyaa6_61203d3d2062VEQCf8typecons__T4FlagVQBpa14_6b656570536570617261746f7273ZQBqi0TQDfTQDjZQDxFQDrQDuZ6Result17ensureFrontLengthMFNaNbNiNfZv	4	9	6
	    2	_D3std9algorithm9searching__T4findVAyaa6_61203d3d2062TQtTQwZQBfFNaNbNiNfQBlMQBpZQBt
------------------
	    2	_D3std5array__TQjTSQr9algorithm9iteration__T8splitterVAyaa6_61203d3d2062VEQCu8typecons__T4FlagVQBpa14_6b656570536570617261746f7273ZQBqi0TQDfTQDjZQDxFQDrQDuZ6ResultZQGcFNaNbNfQGaZAQEv
_D3std9algorithm9iteration__T8splitterVAyaa6_61203d3d2062VEQCf8typecons__T4FlagVQBpa14_6b656570536570617261746f7273ZQBqi0TQDfTQDjZQDxFQDrQDuZ6Result8popFrontMFNaNbNiNfZv	2	5	3
	    2	_D3std9algorithm9iteration__T8splitterVAyaa6_61203d3d2062VEQCf8typecons__T4FlagVQBpa14_6b656570536570617261746f7273ZQBqi0TQDfTQDjZQDxFQDrQDuZ6Result17ensureFrontLengthMFNaNbNiNfZv
------------------
	    2	_D3std9algorithm9searching__T4findVAyaa6_61203d3d2062TQtTQwZQBfFNaNbNiNfQBlMQBpZQBt
_D3std9algorithm9searching__T4findVAyaa6_61203d3d2062TAhTQdZQBfFNaNbNiNfQsMQvZQy	2	1	1
------------------
	    2	_D3std9algorithm9iteration__T8splitterVAyaa6_61203d3d2062VEQCf8typecons__T4FlagVQBpa14_6b656570536570617261746f7273ZQBqi0TQDfTQDjZQDxFQDrQDuZ6Result17ensureFrontLengthMFNaNbNiNfZv
_D3std9algorithm9searching__T4findVAyaa6_61203d3d2062TQtTQwZQBfFNaNbNiNfQBlMQBpZQBt	2	3	2
	    2	_D3std9algorithm9searching__T4findVAyaa6_61203d3d2062TAhTQdZQBfFNaNbNiNfQsMQvZQy
------------------
	    1	_D3std6format5write__T11formatValueTSQBj5array__T8AppenderTAyaZQoTaTaZQBwFNaNfKQBrKaMKxSQDiQDh4spec__T10FormatSpecTaZQpZv
_D3std9exception__T7enforceHTCQBc6format15FormatExceptionZ__TQBqTbZQBwFNaNfbLAxaAyamZb	1	1	1
------------------
	    6	_D3app5buildFAyaZASQr7Element
	    1	_D3std6format8internal5write__T12writeAlignedTSQBt5array__T8AppenderTAyaZQoTQhTQkTQnTAaTaZQChFNaNfKQCbQBhQBkQBnQBaMKxSQEmQEl4spec__T10FormatSpecTaZQpEQFsQFrQFnQFh13PrecisionTypeZv
	   12	_Dmain
_D4core8internal5array8equality__T8__equalsTaTaZQoFNaNbNiNeMxAaMxQeZb	19	100	100
------------------
	    6	_D3app6mmatchFNaASQq7ElementhAyaZAQf
_D4core8internal5array9appending__T15_d_arrayappendTHTAyaTyaZQBaFNaNbNcNeMNkKQxMQBaZQBe	6	518	85
	   12	_D4core8internal5array9appending__T17_d_arrayappendcTXHTAyaTyaZQBcFNaNbNcNeMNkKQxmZQBb
------------------
	    2	_D3app6mmatchFNaASQq7ElementhAyaZAQf
_D4core8internal5array9appending__T17_d_arrayappendcTXHTAAyaTQeZQBdFNaNbNcNeMNkKQymZQBc	2	7	7
------------------
	    9	_D3app5buildFAyaZASQr7Element
_D4core8internal5array9appending__T17_d_arrayappendcTXHTAS3app7ElementTQoZQBnFNaNbNcNeMNkKQBimZQBn	9	49	49
------------------
	   59	_Dmain
_D4core8internal5array9appending__T17_d_arrayappendcTXHTAaTaZQBaFNaNbNcNeMNkKQvmZQz	59	367	367
------------------
	   12	_D4core8internal5array9appending__T15_d_arrayappendTHTAyaTyaZQBaFNaNbNcNeMNkKQxMQBaZQBe
	   32	_D3app6expandFAyaZQe
_D4core8internal5array9appending__T17_d_arrayappendcTXHTAyaTyaZQBcFNaNbNcNeMNkKQxmZQBb	44	509	509
------------------
	    2	_D3app7Element9fulfilledMFNaNiASQBeQBdkhAyaKkZb
	    1	_Dmain
	    3	_D3app6mmatchFNaASQq7ElementhAyaZAQf
_D4core8internal6string__T20unsignedToTempStringVki10Vbi0TaZQBiFNaNbNiNfmNkMAaZQd	6	5	5
------------------
	    2	_D4core8internal7switch___T8__switchTyaVxAyaa2_5c44VxQma2_5c48VxQxa2_5c53VxQBia2_5c56VxQBua2_5c57ZQCtFNaNbNiNfMxQCtZi
	    2	_D4core8internal7switch___T8__switchTyaVxAyaa2_5c56VxQma2_5c57ZQBkFNaNbNiNfMxQBkZi
_D4core8internal6string__T7dstrcmpZQjFNaNbNiNeMxAaMxQeZi	4	8	8
------------------
	    2	_D3app5buildFAyaZASQr7Element
_D4core8internal7switch___T8__switchTyaVxAyaa2_5c44VxQma2_5c48VxQxa2_5c53VxQBia2_5c56VxQBua2_5c57ZQCtFNaNbNiNfMxQCtZi	2	8	4
	    2	_D4core8internal6string__T7dstrcmpZQjFNaNbNiNeMxAaMxQeZi
	    2	_D4core8internal7switch___T8__switchTyaVxAyaa2_5c56VxQma2_5c57ZQBkFNaNbNiNfMxQBkZi
------------------
	    2	_D4core8internal7switch___T8__switchTyaVxAyaa2_5c44VxQma2_5c48VxQxa2_5c53VxQBia2_5c56VxQBua2_5c57ZQCtFNaNbNiNfMxQCtZi
_D4core8internal7switch___T8__switchTyaVxAyaa2_5c56VxQma2_5c57ZQBkFNaNbNiNfMxQBkZi	2	1	1
	    2	_D4core8internal6string__T7dstrcmpZQjFNaNbNiNeMxAaMxQeZi
------------------
	    2	_D4core8internal8lifetime__T10emplaceRefTAyaTQeTQhZQxFNaNbNiNfKQwKQzZv
_D4core8internal8lifetime__T10emplaceRefTAyaTQeTQhZQxFKQoKQrZ1S__T6__ctorZQiMFNaNbNcNiNfKQBwZSQDoQDmQDg__TQDaTQCrTQCvTQCzZQDqFKQDiKQDmZQCw	2	0	0
------------------
	    2	_D3std5array__T8AppenderTAAyaZQp__T3putTQoZQiMFNaNbNfQBbZv
_D4core8internal8lifetime__T10emplaceRefTAyaTQeTQhZQxFNaNbNiNfKQwKQzZv	2	5	5
	    2	_D4core8internal8lifetime__T10emplaceRefTAyaTQeTQhZQxFKQoKQrZ1S__T6__ctorZQiMFNaNbNcNiNfKQBwZSQDoQDmQDg__TQDaTQCrTQCvTQCzZQDqFKQDiKQDmZQCw
------------------
	    2	_D3std5array__T8AppenderTAAyaZQp6__ctorMFNaNbNcNeQyZSQBzQBy__TQBvTQBpZQCd
_D4core8lifetime__T11_d_newitemTTS3std5array__T8AppenderTAAyaZQp4DataZQBzFNaNbNeZPQBx	2	83	83
------------------
	    1	_D3std5array__T8AppenderTAyaZQo6__ctorMFNaNbNcNeQxZSQByQBx__TQBuTQBoZQCc
_D4core8lifetime__T11_d_newitemTTS3std5array__T8AppenderTAyaZQo4DataZQByFNaNbNeZPQBw	1	1	1
------------------
	    2	_Dmain
_D4core8lifetime__T12_d_newclassTTC3app5RegexZQBbFNaNbNeZQx	2	4	4
------------------
_Dmain	0	6047	5
	    2	_D4core8lifetime__T12_d_newclassTTC3app5RegexZQBbFNaNbNeZQx
	    2	_D3app5Regex6__ctorMFAyahZCQzQx
	    2	_D3app5Regex5matchMFAyaZAQf
	    1	_D4core8internal6string__T20unsignedToTempStringVki10Vbi0TaZQBiFNaNbNiNfmNkMAaZQd
	   59	_D4core8internal5array9appending__T17_d_arrayappendcTXHTAaTaZQBaFNaNbNcNeMNkKQvmZQz
	   12	_D4core8internal5array8equality__T8__equalsTaTaZQoFNaNbNiNeMxAaMxQeZb

======== Timer Is 10000000 Ticks/Sec, Times are in Microsecs ========

  Num          Tree        Func        Per
  Calls        Time        Time        Call

      2        1109         563         281     pure immutable(char)[][] app.mmatch(app.Element[], ubyte, immutable(char)[])
     20         543         543          27     pure @nogc bool app.Element.fulfilled(app.Element[], uint, ubyte, immutable(char)[], ref uint)
      1         138          86          86     void app._staticCtor_L293_C1()
     44          50          50           1     pure nothrow ref @trusted immutable(char)[] core.internal.array.appending._d_arrayappendcTX!(immutable(char)[], immutable(char))._d_arrayappendcTX(scope return ref immutable(char)[], ulong)
      2          96          45          22     app.Element[] app.build(immutable(char)[])
     26          53          45           1     immutable(char)[] app.expand(immutable(char)[])
     59          36          36           0     pure nothrow ref @trusted char[] core.internal.array.appending._d_arrayappendcTX!(char[], char)._d_arrayappendcTX(scope return ref char[], ulong)
     19          10          10           0     pure nothrow @nogc @trusted bool core.internal.array.equality.__equals!(char, char).__equals(scope const(char[]), scope const(char[]))
      1          11           9           9     pure @safe void std.format.internal.write.writeAligned!(std.array.Appender!(immutable(char)[]).Appender, immutable(char)[], immutable(char)[], immutable(char)[], char[], char).writeAligned(ref std.array.Appender!(immutable(char)[]).Appender, immutable(char)[], immutable(char)[], immutable(char)[], char[], scope ref const(std.format.spec.FormatSpec!(char).FormatSpec), std.format.internal.write.PrecisionType)
      1          20           9           9     pure @safe void std.format.write.formatValue!(std.array.Appender!(immutable(char)[]).Appender, char, char).formatValue(ref std.array.Appender!(immutable(char)[]).Appender, ref char, scope ref const(std.format.spec.FormatSpec!(char).FormatSpec))
      2          21           9           4     pure nothrow @safe immutable(char)[][] std.array.array!(std.algorithm.iteration.splitter!("a == b", 0, immutable(char)[], immutable(char)[]).splitter(immutable(char)[], immutable(char)[]).Result).array(std.algorithm.iteration.splitter!("a == b", 0, immutable(char)[], immutable(char)[]).splitter(immutable(char)[], immutable(char)[]).Result)
      6          51           8           1     pure nothrow ref @trusted immutable(char)[] core.internal.array.appending._d_arrayappendT!(immutable(char)[], immutable(char))._d_arrayappendT(scope return ref immutable(char)[], scope immutable(char)[])
      2           8           8           4     pure nothrow @trusted std.array.Appender!(immutable(char)[][]).Appender.Data* core.lifetime._d_newitemT!(std.array.Appender!(immutable(char)[][]).Appender.Data)._d_newitemT()
      9           4           4           0     pure nothrow ref @trusted app.Element[] core.internal.array.appending._d_arrayappendcTX!(app.Element[], app.Element)._d_arrayappendcTX(scope return ref app.Element[], ulong)
      2           9           1           0     pure nothrow ref @trusted std.array.Appender!(immutable(char)[][]).Appender std.array.Appender!(immutable(char)[][]).Appender.__ctor(immutable(char)[][])
      2        1110           0           0     immutable(char)[][] app.Regex.match(immutable(char)[])
      4           0           0           0     pure nothrow @nogc @trusted int core.internal.string.dstrcmp!().dstrcmp(scope const(char[]), scope const(char[]))
      4           1           0           0     pure @safe uint std.conv.toImpl!(uint, immutable(char)[]).toImpl(immutable(char)[])
      2           0           0           0     pure nothrow ref @trusted immutable(char)[][] core.internal.array.appending._d_arrayappendcTX!(immutable(char)[][], immutable(char)[])._d_arrayappendcTX(scope return ref immutable(char)[][], ulong)
      2           0           0           0     pure nothrow @safe void std.array.Appender!(immutable(char)[][]).Appender.ensureAddable(ulong)
      4           0           0           0     pure nothrow @nogc @safe void std.algorithm.iteration.splitter!("a == b", 0, immutable(char)[], immutable(char)[]).splitter(immutable(char)[], immutable(char)[]).Result.ensureFrontLength()
      4           0           0           0     pure @safe uint std.conv.parse!(uint, immutable(char)[], 0).parse(scope ref immutable(char)[])
      2           2           0           0     pure nothrow @safe void std.array.Appender!(immutable(char)[][]).Appender.put!(immutable(char)[]).put(immutable(char)[])
      3           0           0           0     pure nothrow @safe char[] std.array.Appender!(immutable(char)[]).Appender.put!(immutable(char)[]).put(immutable(char)[]).bigDataFun(ulong)
      4           0           0           0     pure nothrow @safe void std.array.Appender!(immutable(char)[]).Appender.ensureAddable(ulong)
      2           0           0           0     pure nothrow @nogc @safe void core.internal.lifetime.emplaceRef!(immutable(char)[], immutable(char)[], immutable(char)[]).emplaceRef(ref immutable(char)[], ref immutable(char)[])
      1         604           0           0     _Dmain
      6           0           0           0     pure nothrow @nogc @safe char[] core.internal.string.unsignedToTempString!(10u, false, char).unsignedToTempString(ulong, return scope char[])
      2           0           0           0     pure nothrow @trusted app.Regex core.lifetime._d_newclassT!(app.Regex)._d_newclassT()
      2           0           0           0     pure nothrow @nogc @safe int core.internal.switch_.__switch!(immutable(char), "\D", "\H", "\S", "\V", "\W").__switch(scope const(immutable(char)[]))
      2           0           0           0     pure nothrow @nogc @safe void std.algorithm.iteration.splitter!("a == b", 0, immutable(char)[], immutable(char)[]).splitter(immutable(char)[], immutable(char)[]).Result.popFront()
      2          96           0           0     app.Regex app.Regex.__ctor(immutable(char)[], ubyte)
      3           1           0           0     pure nothrow @safe void std.array.Appender!(immutable(char)[]).Appender.put!(immutable(char)[]).put(immutable(char)[])
      2           0           0           0     pure @nogc immutable(char)[] app.getArgument(immutable(char)[], int, char, char)
      2           0           0           0     pure nothrow @nogc @safe immutable(char)[] std.algorithm.searching.find!("a == b", immutable(char)[], immutable(char)[]).find(immutable(char)[], scope immutable(char)[])
      1           0           0           0     pure nothrow @safe void std.array.Appender!(immutable(char)[]).Appender.put!(char[]).put(char[])
      2           0           0           0     pure nothrow @nogc @trusted immutable(char)[][] std.array.Appender!(immutable(char)[][]).Appender.put!(immutable(char)[]).put(immutable(char)[]).__lambda3()
      3           0           0           0     pure nothrow @nogc @trusted char[] std.array.Appender!(immutable(char)[]).Appender.put!(immutable(char)[]).put(immutable(char)[]).bigDataFun(ulong).__lambda2()
      1           0           0           0     pure @safe bool std.exception.enforce!(std.format.FormatException).enforce!(bool).enforce(bool, lazy const(char)[], immutable(char)[], ulong)
      2           0           0           0     pure nothrow @nogc @safe ulong std.array.appenderNewCapacity!(16uL).appenderNewCapacity(ulong, ulong)
      2           0           0           0     pure nothrow @nogc @safe ubyte[] std.algorithm.searching.find!("a == b", ubyte[], ubyte[]).find(ubyte[], scope ubyte[])
      1           0           0           0     pure nothrow ref @trusted std.array.Appender!(immutable(char)[]).Appender std.array.Appender!(immutable(char)[]).Appender.__ctor(immutable(char)[])
      1           0           0           0     pure nothrow @safe char[] std.array.Appender!(immutable(char)[]).Appender.put!(char[]).put(char[]).bigDataFun(ulong)
      2           0           0           0     pure nothrow @nogc @safe int core.internal.switch_.__switch!(immutable(char), "\V", "\W").__switch(scope const(immutable(char)[]))
      1           0           0           0     pure nothrow @trusted std.array.Appender!(immutable(char)[]).Appender.Data* core.lifetime._d_newitemT!(std.array.Appender!(immutable(char)[]).Appender.Data)._d_newitemT()
      2           0           0           0     pure nothrow ref @nogc @safe core.internal.lifetime.emplaceRef!(immutable(char)[], immutable(char)[], immutable(char)[]).emplaceRef(ref immutable(char)[], ref immutable(char)[]).S core.internal.lifetime.emplaceRef!(immutable(char)[], immutable(char)[], immutable(char)[]).emplaceRef(ref immutable(char)[], ref immutable(char)[]).S.__ctor!().__ctor(ref immutable(char)[])
      1           0           0           0     pure nothrow @nogc @trusted char[] std.array.Appender!(immutable(char)[]).Appender.put!(char[]).put(char[]).bigDataFun(ulong).__lambda2()
      1           0           0           0     pure nothrow @nogc @safe ulong std.array.appenderNewCapacity!(1uL).appenderNewCapacity(ulong, ulong)
